<?xml version="1.0" encoding="UTF-8"?>
<!-- Generated by org.testng.reporters.JUnitReportReporter -->
<testsuite hostname="HomeSaaSha" failures="0" tests="1" name="rahulshettyacademy.AppiumProj.Misleneous" time="8.562" errors="0" timestamp="2024-04-20T02:03:26 EDT" skipped="0">
  <testcase classname="rahulshettyacademy.AppiumProj.Misleneous" name="misleneousTest" time="8.562"/>
  <system-out/>
</testsuite> <!-- rahulshettyacademy.AppiumProj.Misleneous -->
