<?xml version="1.0" encoding="UTF-8"?>
<!-- Generated by org.testng.reporters.JUnitReportReporter -->
<testsuite hostname="HomeSaaSha" failures="0" tests="1" name="eCommerce.MobileBrowserTest" time="4.095" errors="0" timestamp="2024-04-23T01:02:13 EDT" skipped="0">
  <testcase classname="eCommerce.MobileBrowserTest" name="openbrowser" time="4.095"/>
  <system-out/>
</testsuite> <!-- eCommerce.MobileBrowserTest -->
