<?xml version="1.0" encoding="UTF-8"?>
<!-- Generated by org.testng.reporters.JUnitReportReporter -->
<testsuite hostname="HomeSaaSha" failures="0" tests="1" name="eCommerce.eCommerce_tc_3" time="27.662" errors="0" timestamp="2024-04-22T20:26:17 EDT" skipped="0">
  <testcase classname="eCommerce.eCommerce_tc_3" name="fillform" time="27.662"/>
  <system-out/>
</testsuite> <!-- eCommerce.eCommerce_tc_3 -->
