<?xml version="1.0" encoding="UTF-8"?>
<!-- Generated by org.testng.reporters.JUnitReportReporter -->
<testsuite hostname="HomeSaaSha" failures="0" tests="1" name="rahulshettyacademy.AppiumProj.DragAndDrop" time="6.833" errors="0" timestamp="2024-04-19T23:55:37 EDT" skipped="0">
  <testcase classname="rahulshettyacademy.AppiumProj.DragAndDrop" name="DraganddropTest" time="6.833"/>
  <system-out/>
</testsuite> <!-- rahulshettyacademy.AppiumProj.DragAndDrop -->
