<?xml version="1.0" encoding="UTF-8"?>
<!-- Generated by org.testng.reporters.JUnitReportReporter -->
<testsuite hostname="HomeSaaSha" failures="0" tests="1" name="eCommerce.eCommerce_tc_4_hybrid" time="38.199" errors="0" timestamp="2024-04-22T23:18:27 EDT" skipped="0">
  <testcase classname="eCommerce.eCommerce_tc_4_hybrid" name="fillform" time="38.199"/>
  <system-out/>
</testsuite> <!-- eCommerce.eCommerce_tc_4_hybrid -->
