<?xml version="1.0" encoding="UTF-8"?>
<!-- Generated by org.testng.reporters.JUnitReportReporter -->
<testsuite hostname="HomeSaaSha" failures="0" tests="1" name="rahulshettyacademy.AppiumProj.Longpress" time="6.602" errors="0" timestamp="2024-04-19T14:55:23 EDT" skipped="0">
  <testcase classname="rahulshettyacademy.AppiumProj.Longpress" name="longPressGesture" time="6.602"/>
  <system-out/>
</testsuite> <!-- rahulshettyacademy.AppiumProj.Longpress -->
