<?xml version="1.0" encoding="UTF-8"?>
<!-- Generated by org.testng.reporters.JUnitReportReporter -->
<testsuite hostname="HomeSaaSha" failures="0" tests="1" name="eCommerce.eCommerce_tc_2" time="25.520" errors="0" timestamp="2024-04-20T23:49:30 EDT" skipped="0">
  <testcase classname="eCommerce.eCommerce_tc_2" name="fillform" time="25.520"/>
  <system-out/>
</testsuite> <!-- eCommerce.eCommerce_tc_2 -->
