<?xml version="1.0" encoding="UTF-8"?>
<!-- Generated by org.testng.reporters.JUnitReportReporter -->
<testsuite hostname="HomeSaaSha" failures="0" tests="1" name="rahulshettyacademy.AppiumProj.Appiumbasics" time="5.490" errors="0" timestamp="2024-04-20T01:09:19 EDT" skipped="0">
  <testcase classname="rahulshettyacademy.AppiumProj.Appiumbasics" name="AppiumTest" time="5.490"/>
  <system-out/>
</testsuite> <!-- rahulshettyacademy.AppiumProj.Appiumbasics -->
