<?xml version="1.0" encoding="UTF-8"?>
<!-- Generated by org.testng.reporters.JUnitReportReporter -->
<testsuite hostname="HomeSaaSha" failures="0" tests="1" name="rahulshettyacademy.AppiumProj.SwipeDemoTest" time="4.763" errors="0" timestamp="2024-04-19T23:04:22 EDT" skipped="0">
  <testcase classname="rahulshettyacademy.AppiumProj.SwipeDemoTest" name="SwipedemoTest" time="4.763"/>
  <system-out/>
</testsuite> <!-- rahulshettyacademy.AppiumProj.SwipeDemoTest -->
