<?xml version="1.0" encoding="UTF-8"?>
<!-- Generated by org.testng.reporters.JUnitReportReporter -->
<testsuite hostname="HomeSaaSha" failures="0" tests="1" name="eCommerce.eCommerce_tc_1" time="14.542" errors="0" timestamp="2024-04-20T22:29:35 EDT" skipped="0">
  <testcase classname="eCommerce.eCommerce_tc_1" name="fillform" time="14.542"/>
  <system-out/>
</testsuite> <!-- eCommerce.eCommerce_tc_1 -->
